0 info it worked if it ends with ok
1 verbose cli [ '/usr/local/bin/node', '/usr/local/bin/npm', 'start' ]
2 info using npm@3.3.6
3 info using node@v5.0.0
4 verbose run-script [ 'prestart', 'start', 'poststart' ]
5 info lifecycle website@0.0.0~prestart: website@0.0.0
6 silly lifecycle website@0.0.0~prestart: no script for prestart, continuing
7 info lifecycle website@0.0.0~start: website@0.0.0
8 verbose lifecycle website@0.0.0~start: unsafe-perm in lifecycle true
9 verbose lifecycle website@0.0.0~start: PATH: /usr/local/lib/node_modules/npm/bin/node-gyp-bin:/Users/rnjailamba/Desktop/NodeFolder/idam/node_modules/.bin:/opt/local/bin:/opt/local/sbin:/Users/rnjailamba/.rbenv/bin:/Users/rnjailamba/.rbenv/shims:/Users/rnjailamba/.rbenv/bin:/usr/local/bin:/usr/bin:/bin:/usr/sbin:/sbin:/usr/local/git/bin:/opt/ImageMagick/bin:/usr/local/bin:/usr/local/apache-maven-3.3.1/bin:/usr/local/composer/bin/:/usr/local/composer/bin/:/Users/rnjailamba/pear/bin:/usr/local/bin/scrapy/:/usr/local/Cellar/zookeeper/3.4.7/bin:/usr/local/Cellar/kafka/0.8.2.2/libexec:/Users/rnjailamba/.node/bin:/Users/rnjailamba/npm/bin/
10 verbose lifecycle website@0.0.0~start: CWD: /Users/rnjailamba/Desktop/NodeFolder/idam
11 silly lifecycle website@0.0.0~start: Args: [ '-c', 'node ./bin/www' ]
12 silly lifecycle website@0.0.0~start: Returned: code: 1  signal: null
13 info lifecycle website@0.0.0~start: Failed to exec start script
14 verbose stack Error: website@0.0.0 start: `node ./bin/www`
14 verbose stack Exit status 1
14 verbose stack     at EventEmitter.<anonymous> (/usr/local/lib/node_modules/npm/lib/utils/lifecycle.js:233:16)
14 verbose stack     at emitTwo (events.js:87:13)
14 verbose stack     at EventEmitter.emit (events.js:172:7)
14 verbose stack     at ChildProcess.<anonymous> (/usr/local/lib/node_modules/npm/lib/utils/spawn.js:24:14)
14 verbose stack     at emitTwo (events.js:87:13)
14 verbose stack     at ChildProcess.emit (events.js:172:7)
14 verbose stack     at maybeClose (internal/child_process.js:818:16)
14 verbose stack     at Process.ChildProcess._handle.onexit (internal/child_process.js:211:5)
15 verbose pkgid website@0.0.0
16 verbose cwd /Users/rnjailamba/Desktop/NodeFolder/idam
17 error Darwin 15.3.0
18 error argv "/usr/local/bin/node" "/usr/local/bin/npm" "start"
19 error node v5.0.0
20 error npm  v3.3.6
21 error code ELIFECYCLE
22 error website@0.0.0 start: `node ./bin/www`
22 error Exit status 1
23 error Failed at the website@0.0.0 start script 'node ./bin/www'.
23 error This is most likely a problem with the website package,
23 error not with npm itself.
23 error Tell the author that this fails on your system:
23 error     node ./bin/www
23 error You can get their info via:
23 error     npm owner ls website
23 error There is likely additional logging output above.
24 verbose exit [ 1, true ]
